\BOOKMARK [0][-]{chapter.1}{はじめに}{}% 1
\BOOKMARK [0][-]{chapter.2}{とりあえず使ってみよう}{}% 2
\BOOKMARK [1][-]{section.2.1}{クロス開発環境のインストール}{chapter.2}% 3
\BOOKMARK [2][-]{subsection.2.1.1}{C--コンパイラ}{section.2.1}% 4
\BOOKMARK [2][-]{subsection.2.1.2}{アセンブラ}{section.2.1}% 5
\BOOKMARK [2][-]{subsection.2.1.3}{リンカ}{section.2.1}% 6
\BOOKMARK [2][-]{subsection.2.1.4}{ローダ}{section.2.1}% 7
\BOOKMARK [2][-]{subsection.2.1.5}{SIZE ユーティリティプログラム}{section.2.1}% 8
\BOOKMARK [1][-]{section.2.2}{マイクロドライブの準備}{chapter.2}% 9
\BOOKMARK [2][-]{subsection.2.2.1}{TaCのブート処理}{section.2.2}% 10
\BOOKMARK [2][-]{subsection.2.2.2}{フォーマット}{section.2.2}% 11
\BOOKMARK [2][-]{subsection.2.2.3}{ブートプログラムの書き込み}{section.2.2}% 12
\BOOKMARK [1][-]{section.2.3}{C--プログラムの実行}{chapter.2}% 13
\BOOKMARK [2][-]{subsection.2.3.1}{プログラムの入力}{section.2.3}% 14
\BOOKMARK [2][-]{subsection.2.3.2}{コンパイル}{section.2.3}% 15
\BOOKMARK [2][-]{subsection.2.3.3}{実行}{section.2.3}% 16
\BOOKMARK [0][-]{chapter.3}{C--言語の仕様}{}% 17
\BOOKMARK [1][-]{section.3.1}{コメント}{chapter.3}% 18
\BOOKMARK [1][-]{section.3.2}{データ型}{chapter.3}% 19
\BOOKMARK [2][-]{subsection.3.2.1}{基本型}{section.3.2}% 20
\BOOKMARK [2][-]{subsection.3.2.2}{参照型}{section.3.2}% 21
\BOOKMARK [1][-]{section.3.3}{関数}{chapter.3}% 22
\BOOKMARK [1][-]{section.3.4}{interrupt関数}{chapter.3}% 23
\BOOKMARK [1][-]{section.3.5}{変数}{chapter.3}% 24
\BOOKMARK [1][-]{section.3.6}{変数の初期化}{chapter.3}% 25
\BOOKMARK [1][-]{section.3.7}{public 修飾子}{chapter.3}% 26
\BOOKMARK [1][-]{section.3.8}{演算子}{chapter.3}% 27
\BOOKMARK [2][-]{subsection.3.8.1}{代入演算}{section.3.8}% 28
\BOOKMARK [2][-]{subsection.3.8.2}{数値演算}{section.3.8}% 29
\BOOKMARK [2][-]{subsection.3.8.3}{比較演算}{section.3.8}% 30
\BOOKMARK [2][-]{subsection.3.8.4}{論理演算}{section.3.8}% 31
\BOOKMARK [2][-]{subsection.3.8.5}{ビット毎の論理演算}{section.3.8}% 32
\BOOKMARK [2][-]{subsection.3.8.6}{シフト演算}{section.3.8}% 33
\BOOKMARK [2][-]{subsection.3.8.7}{参照演算}{section.3.8}% 34
\BOOKMARK [2][-]{subsection.3.8.8}{sizeof 演算}{section.3.8}% 35
\BOOKMARK [2][-]{subsection.3.8.9}{addrof 演算}{section.3.8}% 36
\BOOKMARK [2][-]{subsection.3.8.10}{カンマ演算}{section.3.8}% 37
\BOOKMARK [2][-]{subsection.3.8.11}{演算子のまとめ}{section.3.8}% 38
\BOOKMARK [1][-]{section.3.9}{文}{chapter.3}% 39
\BOOKMARK [2][-]{subsection.3.9.1}{空文}{section.3.9}% 40
\BOOKMARK [2][-]{subsection.3.9.2}{式文}{section.3.9}% 41
\BOOKMARK [2][-]{subsection.3.9.3}{ブロック}{section.3.9}% 42
\BOOKMARK [2][-]{subsection.3.9.4}{if 文}{section.3.9}% 43
\BOOKMARK [2][-]{subsection.3.9.5}{while 文}{section.3.9}% 44
\BOOKMARK [2][-]{subsection.3.9.6}{do-while 文}{section.3.9}% 45
\BOOKMARK [2][-]{subsection.3.9.7}{for 文}{section.3.9}% 46
\BOOKMARK [2][-]{subsection.3.9.8}{return 文}{section.3.9}% 47
\BOOKMARK [2][-]{subsection.3.9.9}{break 文}{section.3.9}% 48
\BOOKMARK [2][-]{subsection.3.9.10}{continue 文}{section.3.9}% 49
\BOOKMARK [0][-]{chapter.4}{ライブラリ関数}{}% 50
\BOOKMARK [1][-]{section.4.1}{特殊な関数}{chapter.4}% 51
\BOOKMARK [2][-]{subsection.4.1.1}{ipl 関数と \040 exit 関数}{section.4.1}% 52
\BOOKMARK [2][-]{subsection.4.1.2}{ \040jump 関数}{section.4.1}% 53
\BOOKMARK [2][-]{subsection.4.1.3}{ei 関数}{section.4.1}% 54
\BOOKMARK [2][-]{subsection.4.1.4}{di 関数}{section.4.1}% 55
\BOOKMARK [1][-]{section.4.2}{入出力関数}{chapter.4}% 56
\BOOKMARK [2][-]{subsection.4.2.1}{in 関数}{section.4.2}% 57
\BOOKMARK [2][-]{subsection.4.2.2}{out 関数}{section.4.2}% 58
\BOOKMARK [2][-]{subsection.4.2.3}{cls 関数}{section.4.2}% 59
\BOOKMARK [2][-]{subsection.4.2.4}{putch 関数}{section.4.2}% 60
\BOOKMARK [2][-]{subsection.4.2.5}{putstr 関数}{section.4.2}% 61
\BOOKMARK [2][-]{subsection.4.2.6}{ \040puthex 関数}{section.4.2}% 62
\BOOKMARK [2][-]{subsection.4.2.7}{puthex 関数}{section.4.2}% 63
\BOOKMARK [2][-]{subsection.4.2.8}{putdec 関数}{section.4.2}% 64
\BOOKMARK [2][-]{subsection.4.2.9}{printf 関数}{section.4.2}% 65
\BOOKMARK [2][-]{subsection.4.2.10}{readSect 関数}{section.4.2}% 66
\BOOKMARK [1][-]{section.4.3}{メモリ管理関数}{chapter.4}% 67
\BOOKMARK [2][-]{subsection.4.3.1}{malloc 関数}{section.4.3}% 68
\BOOKMARK [2][-]{subsection.4.3.2}{free 関数}{section.4.3}% 69
\BOOKMARK [1][-]{section.4.4}{参照型\(アドレス\)操作関数}{chapter.4}% 70
\BOOKMARK [2][-]{subsection.4.4.1}{ \040 \040ItoA 関数}{section.4.4}% 71
\BOOKMARK [2][-]{subsection.4.4.2}{ \040 \040AtoI 関数}{section.4.4}% 72
\BOOKMARK [2][-]{subsection.4.4.3}{ \040 \040AddrAdd 関数}{section.4.4}% 73
\BOOKMARK [2][-]{subsection.4.4.4}{ \040 \040acmp 関数}{section.4.4}% 74
\BOOKMARK [1][-]{section.4.5}{符号無し整数の操作関数}{chapter.4}% 75
\BOOKMARK [2][-]{subsection.4.5.1}{ \040 \040ucmp 関数}{section.4.5}% 76
\BOOKMARK [1][-]{section.4.6}{可変個引数関数のサポート関数}{chapter.4}% 77
\BOOKMARK [2][-]{subsection.4.6.1}{ \040 \040args 関数}{section.4.6}% 78
\BOOKMARK [1][-]{section.4.7}{32ビット演算関数}{chapter.4}% 79
\BOOKMARK [2][-]{subsection.4.7.1}{ \040add32 関数}{section.4.7}% 80
\BOOKMARK [2][-]{subsection.4.7.2}{ \040sub32 関数}{section.4.7}% 81
\BOOKMARK [2][-]{subsection.4.7.3}{ \040mul32 関数}{section.4.7}% 82
\BOOKMARK [2][-]{subsection.4.7.4}{ \040div32 関数}{section.4.7}% 83
\BOOKMARK [2][-]{subsection.4.7.5}{Ld32 マクロ}{section.4.7}% 84
\BOOKMARK [1][-]{section.4.8}{バイトアクセス関数}{chapter.4}% 85
\BOOKMARK [2][-]{subsection.4.8.1}{byte 関数}{section.4.8}% 86
\BOOKMARK [2][-]{subsection.4.8.2}{Word マクロ}{section.4.8}% 87
\BOOKMARK [0][-]{appendix.A}{C--言語文法まとめ}{}% 88
\BOOKMARK [0][-]{appendix.B}{コマンドリファレンス}{}% 89
\BOOKMARK [1][-]{section.B.1}{c-- コマンド}{appendix.B}% 90
\BOOKMARK [1][-]{section.B.2}{as-- コマンド}{appendix.B}% 91
\BOOKMARK [1][-]{section.B.3}{ld-- コマンド}{appendix.B}% 92
\BOOKMARK [1][-]{section.B.4}{objbin-- コマンド}{appendix.B}% 93
\BOOKMARK [1][-]{section.B.5}{size-- コマンド}{appendix.B}% 94
\BOOKMARK [0][-]{appendix.C}{ファイルフォーマット}{}% 95
\BOOKMARK [1][-]{section.C.1}{.o 形式ファイル}{appendix.C}% 96
\BOOKMARK [2][-]{subsection.C.1.1}{ファイル形式}{section.C.1}% 97
\BOOKMARK [2][-]{subsection.C.1.2}{ヘッダ}{section.C.1}% 98
\BOOKMARK [2][-]{subsection.C.1.3}{リロケーションレコード}{section.C.1}% 99
\BOOKMARK [2][-]{subsection.C.1.4}{シンボルテーブル}{section.C.1}% 100
\BOOKMARK [2][-]{subsection.C.1.5}{文字列テーブル}{section.C.1}% 101
\BOOKMARK [1][-]{section.C.2}{.bin 形式ファイル}{appendix.C}% 102
\BOOKMARK [2][-]{subsection.C.2.1}{ファイル形式}{section.C.2}% 103
\BOOKMARK [0][-]{appendix.D}{TaCハードウェアマニュアル}{}% 104
\BOOKMARK [1][-]{section.D.1}{メモリ構成}{appendix.D}% 105
\BOOKMARK [2][-]{subsection.D.1.1}{メモリマップ}{section.D.1}% 106
\BOOKMARK [2][-]{subsection.D.1.2}{ビデオメモリの構成}{section.D.1}% 107
\BOOKMARK [2][-]{subsection.D.1.3}{IPLプログラム}{section.D.1}% 108
\BOOKMARK [2][-]{subsection.D.1.4}{割込みベクタと割込みルーチンの登録}{section.D.1}% 109
\BOOKMARK [1][-]{section.D.2}{入出力装置}{appendix.D}% 110
\BOOKMARK [2][-]{subsection.D.2.1}{I/Oマップ}{section.D.2}% 111
\BOOKMARK [2][-]{subsection.D.2.2}{シリアル入出力インタフェース}{section.D.2}% 112
\BOOKMARK [2][-]{subsection.D.2.3}{キーボードインタフェース}{section.D.2}% 113
\BOOKMARK [2][-]{subsection.D.2.4}{タイマー}{section.D.2}% 114
\BOOKMARK [2][-]{subsection.D.2.5}{マイクロドライブインタフェース}{section.D.2}% 115
